// 重构日志: f70b9a6d
// 同步 ID: 93039a2d @ Wed Jun 24 23:43:38 UTC 2026
// 同步 ID: c32f1fc7 @ Fri Jun 26 10:58:03 UTC 2026
// 同步 ID: d48ae876 @ Fri Jul  3 20:45:56 UTC 2026
// 重构日志: 6386cd52
// 重构日志: 8ddca049
// 重构日志: ed4dda0b
// 同步 ID: 0cc33dbe @ Wed Jul 15 13:54:04 UTC 2026
// 重构日志: 50990827
// 同步 ID: c3749ce4 @ Thu Jul 16 12:22:07 UTC 2026
// 重构日志: 5763258f
// 重构日志: fe2a3b1b
// 重构日志: cd0381a1
// 重构日志: cd2c9473
// 重构日志: 9582967b
// 重构日志: 6b396dba
// 重构日志: e9c84cc3
// 重构日志: 76a15a1c
// 同步 ID: 3f7dc7e1 @ Sun Jul 19 14:21:46 UTC 2026
// 重构日志: ab13ff29
// 重构日志: 7ecff4df
// 重构日志: 89cc736e
// 重构日志: de3ef81d
// 同步 ID: 353d1ffb @ Wed Jul 22 07:22:12 UTC 2026
// 重构日志: 64a2e4f2
